[INFO] Scanning for projects...
[INFO] 
[INFO] -------------------------< sordonez:operator >--------------------------
[INFO] Building operator 0.0.1-SNAPSHOT
[INFO]   from pom.xml
[INFO] --------------------------------[ jar ]---------------------------------
[INFO] 
[INFO] >>> spring-boot:3.5.7:run (default-cli) > test-compile @ operator >>>
[INFO] 
[INFO] --- resources:3.3.1:resources (default-resources) @ operator ---
[INFO] Copying 2 resources from src/main/resources to target/classes
[INFO] Copying 3 resources from src/main/resources to target/classes
[INFO] 
[INFO] --- compiler:3.14.1:compile (default-compile) @ operator ---
[INFO] Nothing to compile - all classes are up to date.
[INFO] 
[INFO] --- resources:3.3.1:testResources (default-testResources) @ operator ---
[INFO] skip non existing resourceDirectory /Users/sjordonez/spring-boot-projects/beam-design-operator/operator/src/test/resources
[INFO] 
[INFO] --- compiler:3.14.1:testCompile (default-testCompile) @ operator ---
[INFO] Nothing to compile - all classes are up to date.
[INFO] 
[INFO] <<< spring-boot:3.5.7:run (default-cli) < test-compile @ operator <<<
[INFO] 
[INFO] 
[INFO] --- spring-boot:3.5.7:run (default-cli) @ operator ---
[INFO] Attaching agents: []

  .   ____          _            __ _ _
 /\\ / ___'_ __ _ _(_)_ __  __ _ \ \ \ \
( ( )\___ | '_ | '_| | '_ \/ _` | \ \ \ \
 \\/  ___)| |_)| | | | | || (_| |  ) ) ) )
  '  |____| .__|_| |_|_| |_\__, | / / / /
 =========|_|==============|___/=/_/_/_/

 :: Spring Boot ::                (v3.5.7)

2025-11-11T23:23:47.478-08:00  INFO 10538 --- [operator] [           main] sordonez.operator.OperatorApplication    : Starting OperatorApplication using Java 17.0.16 with PID 10538 (/Users/sjordonez/spring-boot-projects/beam-design-operator/operator/target/classes started by sjordonez in /Users/sjordonez/spring-boot-projects/beam-design-operator/operator)
2025-11-11T23:23:47.480-08:00  INFO 10538 --- [operator] [           main] sordonez.operator.OperatorApplication    : No active profile set, falling back to 1 default profile: "default"
2025-11-11T23:23:47.904-08:00  WARN 10538 --- [operator] [           main] i.f.k.client.utils.HttpClientUtils       : There are multiple httpclient implementation in the classpath, choosing the first non-default implementation. You should exclude dependencies that aren't needed or use an explicit association of the HttpClient.Factory.
2025-11-11T23:23:48.147-08:00  INFO 10538 --- [operator] [           main] sordonez.operator.OperatorApplication    : Started OperatorApplication in 0.823 seconds (process running for 1.057)
[INFO] ------------------------------------------------------------------------
[INFO] BUILD SUCCESS
[INFO] ------------------------------------------------------------------------
[INFO] Total time:  2.458 s
[INFO] Finished at: 2025-11-11T23:23:48-08:00
[INFO] ------------------------------------------------------------------------
